#-----------------------------------------------------------
# Vivado v2018.3 (64-bit)
# SW Build 2405991 on Thu Dec  6 23:38:27 MST 2018
# IP Build 2404404 on Fri Dec  7 01:43:56 MST 2018
# Start of session at: Mon Jul 22 11:04:15 2019
# Process ID: 26384
# Current directory: C:/Users/KANG Jian/Desktop/PAM4-RGB-FPGA/prj/PAM4_RGB_EQ
# Command line: vivado.exe -gui_launcher_event rodinguilauncherevent15612 C:\Users\KANG Jian\Desktop\PAM4-RGB-FPGA\prj\PAM4_RGB_EQ\PAM4_RGB_EQ.xpr
# Log file: C:/Users/KANG Jian/Desktop/PAM4-RGB-FPGA/prj/PAM4_RGB_EQ/vivado.log
# Journal file: C:/Users/KANG Jian/Desktop/PAM4-RGB-FPGA/prj/PAM4_RGB_EQ\vivado.jou
#-----------------------------------------------------------
start_gui
open_project {C:/Users/KANG Jian/Desktop/PAM4-RGB-FPGA/prj/PAM4_RGB_EQ/PAM4_RGB_EQ.xpr}
Scanning sources...
Finished scanning sources
WARNING: [filemgmt 56-3] IP Repository Path: Could not find the directory 'V:/vivado/Arm_ipi_repository'.
INFO: [IP_Flow 19-234] Refreshing IP repositories
WARNING: [IP_Flow 19-2248] Failed to load user IP repository 'v:/vivado/Arm_ipi_repository'; Can't find the specified path.
If this directory should no longer be in your list of user repositories, go to the IP Settings dialog and remove it.
INFO: [IP_Flow 19-2313] Loaded Vivado IP repository 'F:/xilinx2018.3/Vivado/2018.3/data/ip'.
open_project: Time (s): cpu = 00:00:18 ; elapsed = 00:00:09 . Memory (MB): peak = 739.656 ; gain = 127.797
update_compile_order -fileset sources_1
reset_simulation -simset sim_1 -mode behavioral
INFO: [Vivado 12-2266] Removing simulation data...
INFO: [Vivado 12-2267] Reset complete
exit
INFO: [Common 17-206] Exiting Vivado at Mon Jul 22 11:05:59 2019...
