#-----------------------------------------------------------
# Vivado v2018.3 (64-bit)
# SW Build 2405991 on Thu Dec  6 23:38:27 MST 2018
# IP Build 2404404 on Fri Dec  7 01:43:56 MST 2018
# Start of session at: Thu Sep 19 11:27:58 2019
# Process ID: 27076
# Current directory: C:/Users/KANG Jian/Desktop/PAM4-RGB-FPGA/prj/PAM4_RGB_EQ
# Command line: vivado.exe -gui_launcher_event rodinguilauncherevent18420 C:\Users\KANG Jian\Desktop\PAM4-RGB-FPGA\prj\PAM4_RGB_EQ\PAM4_RGB_EQ.xpr
# Log file: C:/Users/KANG Jian/Desktop/PAM4-RGB-FPGA/prj/PAM4_RGB_EQ/vivado.log
# Journal file: C:/Users/KANG Jian/Desktop/PAM4-RGB-FPGA/prj/PAM4_RGB_EQ\vivado.jou
#-----------------------------------------------------------
start_gui
open_project {C:/Users/KANG Jian/Desktop/PAM4-RGB-FPGA/prj/PAM4_RGB_EQ/PAM4_RGB_EQ.xpr}
Scanning sources...
Finished scanning sources
WARNING: [filemgmt 56-3] IP Repository Path: Could not find the directory 'V:/vivado/Arm_ipi_repository'.
INFO: [IP_Flow 19-234] Refreshing IP repositories
WARNING: [IP_Flow 19-2248] Failed to load user IP repository 'v:/vivado/Arm_ipi_repository'; Can't find the specified path.
If this directory should no longer be in your list of user repositories, go to the IP Settings dialog and remove it.
INFO: [IP_Flow 19-2313] Loaded Vivado IP repository 'E:/xilinx2018.3/Vivado/2018.3/data/ip'.
open_project: Time (s): cpu = 00:00:18 ; elapsed = 00:00:13 . Memory (MB): peak = 802.699 ; gain = 190.602
update_compile_order -fileset sources_1
exit
INFO: [Common 17-206] Exiting Vivado at Thu Sep 19 13:15:01 2019...
