Copyright 1986-2018 Xilinx, Inc. All Rights Reserved.
-----------------------------------------------------------------------------------------------------------------------------------------------
| Tool Version : Vivado v.2018.3 (win64) Build 2405991 Thu Dec  6 23:38:27 MST 2018
| Date         : Fri Jul 19 15:44:52 2019
| Host         : DESKTOP-B3RT09T running 64-bit major release  (build 9200)
| Command      : report_methodology -file top_methodology_drc_routed.rpt -pb top_methodology_drc_routed.pb -rpx top_methodology_drc_routed.rpx
| Design       : top
| Device       : xc7a200tfbg676-2
| Speed File   : -2
| Design State : Fully Routed
-----------------------------------------------------------------------------------------------------------------------------------------------

Report Methodology

Table of Contents
-----------------
1. REPORT SUMMARY
2. REPORT DETAILS

1. REPORT SUMMARY
-----------------
            Netlist: netlist
          Floorplan: checkpoint_top
      Design limits: <entire design considered>
             Max violations: <unlimited>
             Violations found: 27
+-----------+----------+-------------------------------+------------+
| Rule      | Severity | Description                   | Violations |
+-----------+----------+-------------------------------+------------+
| TIMING-18 | Warning  | Missing input or output delay | 27         |
+-----------+----------+-------------------------------+------------+

2. REPORT DETAILS
-----------------
TIMING-18#1 Warning
Missing input or output delay  
An input delay is missing on b_falling_delay_button relative to clock(s) USER_SMA_CLOCK_P
Related violations: <none>

TIMING-18#2 Warning
Missing input or output delay  
An input delay is missing on b_rising_delay_button relative to clock(s) USER_SMA_CLOCK_P
Related violations: <none>

TIMING-18#3 Warning
Missing input or output delay  
An input delay is missing on b_whole_delay_button relative to clock(s) USER_SMA_CLOCK_P
Related violations: <none>

TIMING-18#4 Warning
Missing input or output delay  
An input delay is missing on g_falling_delay_button relative to clock(s) USER_SMA_CLOCK_P
Related violations: <none>

TIMING-18#5 Warning
Missing input or output delay  
An input delay is missing on g_rising_delay_button relative to clock(s) USER_SMA_CLOCK_P
Related violations: <none>

TIMING-18#6 Warning
Missing input or output delay  
An input delay is missing on g_rst relative to clock(s) USER_SMA_CLOCK_P
Related violations: <none>

TIMING-18#7 Warning
Missing input or output delay  
An input delay is missing on g_whole_delay_button relative to clock(s) USER_SMA_CLOCK_P
Related violations: <none>

TIMING-18#8 Warning
Missing input or output delay  
An input delay is missing on inverse_sw relative to clock(s) USER_SMA_CLOCK_P
Related violations: <none>

TIMING-18#9 Warning
Missing input or output delay  
An input delay is missing on r_falling_delay_button relative to clock(s) USER_SMA_CLOCK_P
Related violations: <none>

TIMING-18#10 Warning
Missing input or output delay  
An input delay is missing on r_rising_delay_button relative to clock(s) USER_SMA_CLOCK_P
Related violations: <none>

TIMING-18#11 Warning
Missing input or output delay  
An input delay is missing on r_whole_delay_button relative to clock(s) USER_SMA_CLOCK_P
Related violations: <none>

TIMING-18#12 Warning
Missing input or output delay  
An output delay is missing on blue_output_delay_n relative to clock(s) USER_SMA_CLOCK_P
Related violations: <none>

TIMING-18#13 Warning
Missing input or output delay  
An output delay is missing on blue_output_delay_p relative to clock(s) USER_SMA_CLOCK_P
Related violations: <none>

TIMING-18#14 Warning
Missing input or output delay  
An output delay is missing on blue_output_ref_n relative to clock(s) USER_SMA_CLOCK_P
Related violations: <none>

TIMING-18#15 Warning
Missing input or output delay  
An output delay is missing on blue_output_ref_p relative to clock(s) USER_SMA_CLOCK_P
Related violations: <none>

TIMING-18#16 Warning
Missing input or output delay  
An output delay is missing on green_output_delay_n relative to clock(s) USER_SMA_CLOCK_P
Related violations: <none>

TIMING-18#17 Warning
Missing input or output delay  
An output delay is missing on green_output_delay_p relative to clock(s) USER_SMA_CLOCK_P
Related violations: <none>

TIMING-18#18 Warning
Missing input or output delay  
An output delay is missing on green_output_ref_n relative to clock(s) USER_SMA_CLOCK_P
Related violations: <none>

TIMING-18#19 Warning
Missing input or output delay  
An output delay is missing on green_output_ref_p relative to clock(s) USER_SMA_CLOCK_P
Related violations: <none>

TIMING-18#20 Warning
Missing input or output delay  
An output delay is missing on led_out_0 relative to clock(s) USER_SMA_CLOCK_P
Related violations: <none>

TIMING-18#21 Warning
Missing input or output delay  
An output delay is missing on led_out_1 relative to clock(s) USER_SMA_CLOCK_P
Related violations: <none>

TIMING-18#22 Warning
Missing input or output delay  
An output delay is missing on led_out_2 relative to clock(s) USER_SMA_CLOCK_P
Related violations: <none>

TIMING-18#23 Warning
Missing input or output delay  
An output delay is missing on led_out_3 relative to clock(s) USER_SMA_CLOCK_P
Related violations: <none>

TIMING-18#24 Warning
Missing input or output delay  
An output delay is missing on red_output_delay_n relative to clock(s) USER_SMA_CLOCK_P
Related violations: <none>

TIMING-18#25 Warning
Missing input or output delay  
An output delay is missing on red_output_delay_p relative to clock(s) USER_SMA_CLOCK_P
Related violations: <none>

TIMING-18#26 Warning
Missing input or output delay  
An output delay is missing on red_output_ref_n relative to clock(s) USER_SMA_CLOCK_P
Related violations: <none>

TIMING-18#27 Warning
Missing input or output delay  
An output delay is missing on red_output_ref_p relative to clock(s) USER_SMA_CLOCK_P
Related violations: <none>


